<?xml version="1.0" encoding="UTF-8"?>
<testng-results ignored="0" total="1" passed="1" failed="0" skipped="0">
  <reporter-output>
  </reporter-output>
  <suite started-at="2023-04-26T23:28:43 IST" name="Default suite" finished-at="2023-04-26T23:28:58 IST" duration-ms="15027">
    <groups>
    </groups>
    <test started-at="2023-04-26T23:28:43 IST" name="Default test" finished-at="2023-04-26T23:28:58 IST" duration-ms="15027">
      <class name="testscript.Login_script">
        <test-method is-config="true" signature="oppApp()[pri:0, instance:testscript.Login_script@22e357dc]" started-at="2023-04-26T23:28:43 IST" name="oppApp" finished-at="2023-04-26T23:28:51 IST" duration-ms="8482" status="PASS">
          <reporter-output>
          </reporter-output>
        </test-method> <!-- oppApp -->
        <test-method signature="test1()[pri:0, instance:testscript.Login_script@22e357dc]" started-at="2023-04-26T23:28:51 IST" name="test1" finished-at="2023-04-26T23:28:57 IST" duration-ms="5327" status="PASS">
          <reporter-output>
          </reporter-output>
        </test-method> <!-- test1 -->
        <test-method is-config="true" signature="closeApp()[pri:0, instance:testscript.Login_script@22e357dc]" started-at="2023-04-26T23:28:57 IST" name="closeApp" finished-at="2023-04-26T23:28:58 IST" duration-ms="1179" status="PASS">
          <reporter-output>
          </reporter-output>
        </test-method> <!-- closeApp -->
      </class> <!-- testscript.Login_script -->
    </test> <!-- Default test -->
  </suite> <!-- Default suite -->
</testng-results>
